1635901029781	geckodriver	INFO	Listening on 127.0.0.1:36901
1635901029784	mozrunner::runner	INFO	Running command: "/usr/bin/firefox" "--marionette" "--remote-debugging-port" "49931" "-no-remote" "-profile" "/tmp/rust_mozprofileGJVUQv"
1635901030138	Marionette	INFO	Marionette enabled
console.warn: SearchSettings: "get: No settings file exists, new profile?" (new NotFoundError("Could not open the file at /tmp/rust_mozprofileGJVUQv/search.json.mozlz4", (void 0)))
DevTools listening on ws://localhost:49931/devtools/browser/091e8db8-013e-47db-8398-7d56e917d7f3
1635901031045	Marionette	INFO	Listening on port 45541
1635901031102	RemoteAgent	WARN	TLS certificate errors will be ignored for this session
JavaScript warning: https://pagead2.googlesyndication.com/bg/k0WdL_18o0JQ1tSTirwhWAKlI_j4jAibtndxAZll28w.js line 1 > eval line 5763 > eval line 1 > eval line 1 > eval, line 1: WEBGL_debug_renderer_info is deprecated in Firefox and will be removed. Please use RENDERER.
JavaScript error: , line 0: NotFoundError: No such JSWindowActor 'MarionetteEvents'
1635901039813	Marionette	INFO	Stopped listening on port 45541
JavaScript error: , line 0: TypeError: NetworkError when attempting to fetch resource.
JavaScript error: , line 0: TypeError: NetworkError when attempting to fetch resource.
JavaScript error: resource:///modules/Interactions.jsm, line 201: NS_ERROR_FAILURE: Component returned failure code: 0x80004005 (NS_ERROR_FAILURE) [nsIUserIdleService.removeIdleObserver]

###!!! [Child][RunMessage] Error: Channel closing: too late to send/recv, messages will be lost


###!!! [Child][RunMessage] Error: Channel closing: too late to send/recv, messages will be lost

console.warn: TopSitesFeed: Failed to fetch data from Contile server: NetworkError when attempting to fetch resource.

###!!! [Parent][RunMessage] Error: Channel closing: too late to send/recv, messages will be lost

1635901070095	geckodriver	INFO	Listening on 127.0.0.1:34881
1635901070097	mozrunner::runner	INFO	Running command: "/usr/bin/firefox" "--marionette" "--remote-debugging-port" "46997" "-no-remote" "-profile" "/tmp/rust_mozprofileh6iXCV"
1635901070370	Marionette	INFO	Marionette enabled
console.warn: SearchSettings: "get: No settings file exists, new profile?" (new NotFoundError("Could not open the file at /tmp/rust_mozprofileh6iXCV/search.json.mozlz4", (void 0)))
DevTools listening on ws://localhost:46997/devtools/browser/88f1c0b4-7b76-4b1e-8e15-622adce9f851
1635901071247	Marionette	INFO	Listening on port 46199
1635901071313	RemoteAgent	WARN	TLS certificate errors will be ignored for this session
JavaScript warning: https://pagead2.googlesyndication.com/bg/k0WdL_18o0JQ1tSTirwhWAKlI_j4jAibtndxAZll28w.js line 1 > eval line 1745 > eval line 1 > eval line 1 > eval, line 1: WEBGL_debug_renderer_info is deprecated in Firefox and will be removed. Please use RENDERER.
1635901147066	geckodriver	INFO	Listening on 127.0.0.1:46299
1635901147068	mozrunner::runner	INFO	Running command: "/usr/bin/firefox" "--marionette" "--remote-debugging-port" "60813" "-no-remote" "-profile" "/tmp/rust_mozprofilePX01zv"
1635901147337	Marionette	INFO	Marionette enabled
console.warn: SearchSettings: "get: No settings file exists, new profile?" (new NotFoundError("Could not open the file at /tmp/rust_mozprofilePX01zv/search.json.mozlz4", (void 0)))
DevTools listening on ws://localhost:60813/devtools/browser/1a47e76a-eea6-431b-9e44-5bcc02c8858b
1635901148211	Marionette	INFO	Listening on port 37803
1635901148284	RemoteAgent	WARN	TLS certificate errors will be ignored for this session
JavaScript warning: https://pagead2.googlesyndication.com/bg/k0WdL_18o0JQ1tSTirwhWAKlI_j4jAibtndxAZll28w.js line 1 > eval line 2036 > eval line 1 > eval line 1 > eval, line 1: WEBGL_debug_renderer_info is deprecated in Firefox and will be removed. Please use RENDERER.
JavaScript warning: https://pagead2.googlesyndication.com/bg/k0WdL_18o0JQ1tSTirwhWAKlI_j4jAibtndxAZll28w.js line 1 > eval line 1473 > eval line 1 > eval line 1 > eval, line 1: WEBGL_debug_renderer_info is deprecated in Firefox and will be removed. Please use RENDERER.
JavaScript warning: https://pagead2.googlesyndication.com/bg/k0WdL_18o0JQ1tSTirwhWAKlI_j4jAibtndxAZll28w.js line 1 > eval line 3606 > eval line 1 > eval line 1 > eval, line 1: WEBGL_debug_renderer_info is deprecated in Firefox and will be removed. Please use RENDERER.
1635901165253	Marionette	INFO	Stopped listening on port 37803
JavaScript error: resource:///modules/Interactions.jsm, line 201: NS_ERROR_FAILURE: Component returned failure code: 0x80004005 (NS_ERROR_FAILURE) [nsIUserIdleService.removeIdleObserver]
JavaScript error: , line 0: TypeError: NetworkError when attempting to fetch resource.
JavaScript error: , line 0: TypeError: NetworkError when attempting to fetch resource.

###!!! [Parent][RunMessage] Error: Channel closing: too late to send/recv, messages will be lost

1635901316688	geckodriver	INFO	Listening on 127.0.0.1:51867
1635901316691	mozrunner::runner	INFO	Running command: "/usr/bin/firefox" "--marionette" "--remote-debugging-port" "54201" "-no-remote" "-profile" "/tmp/rust_mozprofileHj7uvG"
1635901316998	Marionette	INFO	Marionette enabled
console.warn: SearchSettings: "get: No settings file exists, new profile?" (new NotFoundError("Could not open the file at /tmp/rust_mozprofileHj7uvG/search.json.mozlz4", (void 0)))
DevTools listening on ws://localhost:54201/devtools/browser/9a8702b1-6de9-4e2f-86cb-337ac535dfea
1635901317872	Marionette	INFO	Listening on port 34203
1635901317907	RemoteAgent	WARN	TLS certificate errors will be ignored for this session
JavaScript warning: https://pagead2.googlesyndication.com/bg/k0WdL_18o0JQ1tSTirwhWAKlI_j4jAibtndxAZll28w.js line 1 > eval line 543 > eval line 1 > eval line 1 > eval, line 1: WEBGL_debug_renderer_info is deprecated in Firefox and will be removed. Please use RENDERER.
1635901323732	Marionette	WARN	Ignoring event 'DOMContentLoaded' because document has an invalid readyState of 'complete'.
JavaScript warning: https://pagead2.googlesyndication.com/bg/k0WdL_18o0JQ1tSTirwhWAKlI_j4jAibtndxAZll28w.js line 1 > eval line 5805 > eval line 1 > eval line 1 > eval, line 1: WEBGL_debug_renderer_info is deprecated in Firefox and will be removed. Please use RENDERER.
JavaScript warning: https://pagead2.googlesyndication.com/bg/k0WdL_18o0JQ1tSTirwhWAKlI_j4jAibtndxAZll28w.js line 1 > eval line 1199 > eval line 1 > eval line 1 > eval, line 1: WEBGL_debug_renderer_info is deprecated in Firefox and will be removed. Please use RENDERER.
JavaScript warning: https://pagead2.googlesyndication.com/bg/k0WdL_18o0JQ1tSTirwhWAKlI_j4jAibtndxAZll28w.js line 1 > eval line 2296 > eval line 1 > eval line 1 > eval, line 1: WEBGL_debug_renderer_info is deprecated in Firefox and will be removed. Please use RENDERER.
1635901329616	Marionette	INFO	Stopped listening on port 34203
JavaScript error: resource:///modules/Interactions.jsm, line 201: NS_ERROR_FAILURE: Component returned failure code: 0x80004005 (NS_ERROR_FAILURE) [nsIUserIdleService.removeIdleObserver]
JavaScript error: , line 0: TypeError: NetworkError when attempting to fetch resource.
JavaScript error: , line 0: TypeError: NetworkError when attempting to fetch resource.

###!!! [Parent][MessageChannel] Error: (msgtype=0x390078,name=PContent::Msg_DestroyBrowsingContextGroup) Closed channel: cannot send/recv


###!!! [Parent][RunMessage] Error: Channel closing: too late to send/recv, messages will be lost

1635901366060	geckodriver	INFO	Listening on 127.0.0.1:52113
1635901366063	mozrunner::runner	INFO	Running command: "/usr/bin/firefox" "--marionette" "--remote-debugging-port" "35875" "-no-remote" "-profile" "/tmp/rust_mozprofileEuOQ3q"
1635901366331	Marionette	INFO	Marionette enabled
console.warn: SearchSettings: "get: No settings file exists, new profile?" (new NotFoundError("Could not open the file at /tmp/rust_mozprofileEuOQ3q/search.json.mozlz4", (void 0)))
DevTools listening on ws://localhost:35875/devtools/browser/6e394f51-17a7-4c9c-8fdf-5b655bc7e643
1635901367224	Marionette	INFO	Listening on port 40015
1635901367281	RemoteAgent	WARN	TLS certificate errors will be ignored for this session
JavaScript warning: https://pagead2.googlesyndication.com/bg/k0WdL_18o0JQ1tSTirwhWAKlI_j4jAibtndxAZll28w.js line 1 > eval line 5290 > eval line 1 > eval line 1 > eval, line 1: WEBGL_debug_renderer_info is deprecated in Firefox and will be removed. Please use RENDERER.
JavaScript warning: https://pagead2.googlesyndication.com/bg/k0WdL_18o0JQ1tSTirwhWAKlI_j4jAibtndxAZll28w.js line 1 > eval line 5915 > eval line 1 > eval line 1 > eval, line 1: WEBGL_debug_renderer_info is deprecated in Firefox and will be removed. Please use RENDERER.
JavaScript warning: https://pagead2.googlesyndication.com/bg/k0WdL_18o0JQ1tSTirwhWAKlI_j4jAibtndxAZll28w.js line 1 > eval line 4916 > eval line 1 > eval line 1 > eval, line 1: WEBGL_debug_renderer_info is deprecated in Firefox and will be removed. Please use RENDERER.
1635901390039	Marionette	INFO	Stopped listening on port 40015
JavaScript error: resource:///modules/Interactions.jsm, line 201: NS_ERROR_FAILURE: Component returned failure code: 0x80004005 (NS_ERROR_FAILURE) [nsIUserIdleService.removeIdleObserver]
JavaScript error: , line 0: TypeError: NetworkError when attempting to fetch resource.
JavaScript error: , line 0: TypeError: NetworkError when attempting to fetch resource.

###!!! [Parent][RunMessage] Error: Channel closing: too late to send/recv, messages will be lost

1635901417614	geckodriver	INFO	Listening on 127.0.0.1:33163
1635901417617	mozrunner::runner	INFO	Running command: "/usr/bin/firefox" "--marionette" "--remote-debugging-port" "39643" "-no-remote" "-profile" "/tmp/rust_mozprofileJqbC4o"
1635901417884	Marionette	INFO	Marionette enabled
console.warn: SearchSettings: "get: No settings file exists, new profile?" (new NotFoundError("Could not open the file at /tmp/rust_mozprofileJqbC4o/search.json.mozlz4", (void 0)))
DevTools listening on ws://localhost:39643/devtools/browser/e301e455-95dd-4d35-a40f-a03c99839bf5
1635901418777	Marionette	INFO	Listening on port 42691
1635901418843	RemoteAgent	WARN	TLS certificate errors will be ignored for this session
JavaScript error: , line 0: uncaught exception: undefined
JavaScript warning: https://pagead2.googlesyndication.com/bg/k0WdL_18o0JQ1tSTirwhWAKlI_j4jAibtndxAZll28w.js line 1 > eval line 3118 > eval line 1 > eval line 1 > eval, line 1: WEBGL_debug_renderer_info is deprecated in Firefox and will be removed. Please use RENDERER.
JavaScript warning: https://pagead2.googlesyndication.com/bg/k0WdL_18o0JQ1tSTirwhWAKlI_j4jAibtndxAZll28w.js line 1 > eval line 2418 > eval line 1 > eval line 1 > eval, line 1: WEBGL_debug_renderer_info is deprecated in Firefox and will be removed. Please use RENDERER.
JavaScript warning: https://pagead2.googlesyndication.com/bg/k0WdL_18o0JQ1tSTirwhWAKlI_j4jAibtndxAZll28w.js line 1 > eval line 5415 > eval line 1 > eval line 1 > eval, line 1: WEBGL_debug_renderer_info is deprecated in Firefox and will be removed. Please use RENDERER.
1635901444132	Marionette	INFO	Stopped listening on port 42691
JavaScript error: resource:///modules/Interactions.jsm, line 201: NS_ERROR_FAILURE: Component returned failure code: 0x80004005 (NS_ERROR_FAILURE) [nsIUserIdleService.removeIdleObserver]

###!!! [Child][RunMessage] Error: Channel closing: too late to send/recv, messages will be lost


###!!! [Child][RunMessage] Error: Channel closing: too late to send/recv, messages will be lost


###!!! [Child][RunMessage] Error: Channel closing: too late to send/recv, messages will be lost


###!!! [Child][RunMessage] Error: Channel closing: too late to send/recv, messages will be lost


###!!! [Child][RunMessage] Error: Channel closing: too late to send/recv, messages will be lost


###!!! [Child][RunMessage] Error: Channel closing: too late to send/recv, messages will be lost


###!!! [Child][RunMessage] Error: Channel closing: too late to send/recv, messages will be lost


###!!! [Child][RunMessage] Error: Channel closing: too late to send/recv, messages will be lost


###!!! [Parent][MessageChannel] Error: (msgtype=0x390078,name=PContent::Msg_DestroyBrowsingContextGroup) Closed channel: cannot send/recv


###!!! [Child][RunMessage] Error: Channel closing: too late to send/recv, messages will be lost


###!!! [Child][RunMessage] Error: Channel closing: too late to send/recv, messages will be lost


###!!! [Child][RunMessage] Error: Channel closing: too late to send/recv, messages will be lost


###!!! [Child][RunMessage] Error: Channel closing: too late to send/recv, messages will be lost


###!!! [Child][RunMessage] Error: Channel closing: too late to send/recv, messages will be lost


###!!! [Child][RunMessage] Error: Channel closing: too late to send/recv, messages will be lost


###!!! [Child][RunMessage] Error: Channel closing: too late to send/recv, messages will be lost


###!!! [Child][RunMessage] Error: Channel closing: too late to send/recv, messages will be lost


###!!! [Parent][RunMessage] Error: Channel closing: too late to send/recv, messages will be lost

console.log: WebExtensions: reset-default-search: starting.
console.log: WebExtensions: reset-default-search: No addons in our list are installed.
1635901536111	geckodriver	INFO	Listening on 127.0.0.1:40081
1635901536113	mozrunner::runner	INFO	Running command: "/usr/bin/firefox" "--marionette" "--remote-debugging-port" "37799" "-no-remote" "-profile" "/tmp/rust_mozprofilePx3CSy"
1635901536394	Marionette	INFO	Marionette enabled
console.warn: SearchSettings: "get: No settings file exists, new profile?" (new NotFoundError("Could not open the file at /tmp/rust_mozprofilePx3CSy/search.json.mozlz4", (void 0)))
DevTools listening on ws://localhost:37799/devtools/browser/ef1f513a-0d49-4aec-a6f8-85ef9122a200
1635901537263	Marionette	INFO	Listening on port 35701
1635901537329	RemoteAgent	WARN	TLS certificate errors will be ignored for this session
JavaScript warning: https://pagead2.googlesyndication.com/bg/k0WdL_18o0JQ1tSTirwhWAKlI_j4jAibtndxAZll28w.js line 1 > eval line 1091 > eval line 1 > eval line 1 > eval, line 1: WEBGL_debug_renderer_info is deprecated in Firefox and will be removed. Please use RENDERER.
JavaScript warning: https://pagead2.googlesyndication.com/bg/k0WdL_18o0JQ1tSTirwhWAKlI_j4jAibtndxAZll28w.js line 1 > eval line 2023 > eval line 1 > eval line 1 > eval, line 1: WEBGL_debug_renderer_info is deprecated in Firefox and will be removed. Please use RENDERER.
1635901546569	Marionette	INFO	Stopped listening on port 35701
JavaScript error: resource:///modules/Interactions.jsm, line 201: NS_ERROR_FAILURE: Component returned failure code: 0x80004005 (NS_ERROR_FAILURE) [nsIUserIdleService.removeIdleObserver]
JavaScript error: , line 0: TypeError: NetworkError when attempting to fetch resource.
JavaScript error: , line 0: TypeError: NetworkError when attempting to fetch resource.

###!!! [Parent][RunMessage] Error: Channel closing: too late to send/recv, messages will be lost

